<?xml version="1.0" encoding="UTF-8"?>
<testsuite xmlns:xsi="http://www.w3.org/2001/XMLSchema-instance" xsi:noNamespaceSchemaLocation="https://maven.apache.org/surefire/maven-surefire-plugin/xsd/surefire-test-report-3.0.xsd" version="3.0" name="com.pacha.proyecto.ProyectoApplicationTests" time="10.841" tests="1" errors="0" skipped="0" failures="0">
  <properties>
[...]
</properties>
  <testcase name="contextLoads" classname="com.pacha.proyecto.ProyectoApplicationTests" time="0.71">
    <system-out><![CDATA[15:23:41.917 [main] INFO org.springframework.test.context.support.AnnotationConfigContextLoaderUtils -- Could not detect default configuration classes for test class [com.pacha.proyecto.ProyectoApplicationTests]: ProyectoApplicationTests does not declare any static, non-private, non-final, nested classes annotated with @Configuration.
15:23:42.074 [main] INFO org.springframework.boot.test.context.SpringBootTestContextBootstrapper -- Found @SpringBootConfiguration com.pacha.proyecto.ProyectoApplication for test class com.pacha.proyecto.ProyectoApplicationTests
15:23:42.276 [main] INFO org.springframework.boot.devtools.restart.RestartApplicationListener -- Restart disabled due to context in which it is running

  .   ____          _            __ _ _
 /\\ / ___'_ __ _ _(_)_ __  __ _ \ \ \ \
( ( )\___ | '_ | '_| | '_ \/ _` | \ \ \ \
 \\/  ___)| |_)| | | | | || (_| |  ) ) ) )
  '  |____| .__|_| |_|_| |_\__, | / / / /
 =========|_|==============|___/=/_/_/_/
 :: Spring Boot ::                (v3.2.4)

2025-01-07T15:23:42.621-04:00  WARN 21840 --- [proyecto] [           main] ory$DuplicateJsonObjectContextCustomizer : 

Found multiple occurrences of org.json.JSONObject on the class path:

	jar:file:/C:/Users/ADRI/.m2/repository/com/vaadin/external/google/android-json/0.0.20131108.vaadin1/android-json-0.0.20131108.vaadin1.jar!/org/json/JSONObject.class
	jar:file:/C:/Users/ADRI/.m2/repository/org/json/json/20210307/json-20210307.jar!/org/json/JSONObject.class

You may wish to exclude one of them to ensure predictable runtime behavior

2025-01-07T15:23:42.640-04:00  INFO 21840 --- [proyecto] [           main] c.p.proyecto.ProyectoApplicationTests    : Starting ProyectoApplicationTests using Java 21.0.4 with PID 21840 (started by ADRI in d:\ProyectoHelvetas\Backend\helvetasbackend\proyecto)
2025-01-07T15:23:42.641-04:00  INFO 21840 --- [proyecto] [           main] c.p.proyecto.ProyectoApplicationTests    : No active profile set, falling back to 1 default profile: "default"
2025-01-07T15:23:44.430-04:00  INFO 21840 --- [proyecto] [           main] .s.d.r.c.RepositoryConfigurationDelegate : Bootstrapping Spring Data JPA repositories in DEFAULT mode.
2025-01-07T15:23:44.549-04:00  INFO 21840 --- [proyecto] [           main] .s.d.r.c.RepositoryConfigurationDelegate : Finished Spring Data repository scanning in 108 ms. Found 13 JPA repository interfaces.
2025-01-07T15:23:45.447-04:00  INFO 21840 --- [proyecto] [           main] o.hibernate.jpa.internal.util.LogHelper  : HHH000204: Processing PersistenceUnitInfo [name: default]
2025-01-07T15:23:45.509-04:00  INFO 21840 --- [proyecto] [           main] org.hibernate.Version                    : HHH000412: Hibernate ORM core version 6.4.4.Final
2025-01-07T15:23:45.549-04:00  INFO 21840 --- [proyecto] [           main] o.h.c.internal.RegionFactoryInitiator    : HHH000026: Second-level cache disabled
2025-01-07T15:23:45.947-04:00  INFO 21840 --- [proyecto] [           main] o.s.o.j.p.SpringPersistenceUnitInfo      : No LoadTimeWeaver setup: ignoring JPA class transformer
2025-01-07T15:23:45.998-04:00  INFO 21840 --- [proyecto] [           main] com.zaxxer.hikari.HikariDataSource       : HikariPool-1 - Starting...
2025-01-07T15:23:46.304-04:00  INFO 21840 --- [proyecto] [           main] com.zaxxer.hikari.pool.HikariPool        : HikariPool-1 - Added connection org.postgresql.jdbc.PgConnection@16b64a03
2025-01-07T15:23:46.307-04:00  INFO 21840 --- [proyecto] [           main] com.zaxxer.hikari.HikariDataSource       : HikariPool-1 - Start completed.
2025-01-07T15:23:46.359-04:00  WARN 21840 --- [proyecto] [           main] org.hibernate.orm.deprecation            : HHH90000025: PostgreSQLDialect does not need to be specified explicitly using 'hibernate.dialect' (remove the property setting and it will be selected by default)
2025-01-07T15:23:47.818-04:00  INFO 21840 --- [proyecto] [           main] o.h.m.i.EntityInstantiatorPojoStandard   : HHH000182: No default (no-argument) constructor for class: com.pacha.proyecto.model.Promotor (class must be instantiated by Interceptor)
2025-01-07T15:23:48.055-04:00  INFO 21840 --- [proyecto] [           main] o.h.e.t.j.p.i.JtaPlatformInitiator       : HHH000489: No JTA platform available (set 'hibernate.transaction.jta.platform' to enable JTA platform integration)
2025-01-07T15:23:48.135-04:00  INFO 21840 --- [proyecto] [           main] j.LocalContainerEntityManagerFactoryBean : Initialized JPA EntityManagerFactory for persistence unit 'default'
2025-01-07T15:23:48.850-04:00  INFO 21840 --- [proyecto] [           main] o.s.d.j.r.query.QueryEnhancerFactory     : Hibernate is in classpath; If applicable, HQL parser will be used.
2025-01-07T15:23:50.625-04:00  WARN 21840 --- [proyecto] [           main] JpaBaseConfiguration$JpaWebConfiguration : spring.jpa.open-in-view is enabled by default. Therefore, database queries may be performed during view rendering. Explicitly configure spring.jpa.open-in-view to disable this warning
2025-01-07T15:23:50.809-04:00  INFO 21840 --- [proyecto] [           main] o.s.b.a.w.s.WelcomePageHandlerMapping    : Adding welcome page: class path resource [static/index.html]
2025-01-07T15:23:51.295-04:00  INFO 21840 --- [proyecto] [           main] o.s.s.web.DefaultSecurityFilterChain     : Will secure any request with [org.springframework.security.web.session.DisableEncodeUrlFilter@531245fe, org.springframework.security.web.context.request.async.WebAsyncManagerIntegrationFilter@6d7298be, org.springframework.security.web.context.SecurityContextHolderFilter@49235e8c, org.springframework.security.web.header.HeaderWriterFilter@3f5743d9, org.springframework.web.filter.CorsFilter@2c289a9e, org.springframework.security.web.authentication.logout.LogoutFilter@5cf21908, com.pacha.proyecto.security.JWTAuthorizationFilter@689f60ea, com.pacha.proyecto.security.JWTAuthenticationFilter@1ee47336, org.springframework.security.web.authentication.www.BasicAuthenticationFilter@1f3bd40a, org.springframework.security.web.savedrequest.RequestCacheAwareFilter@38c6f088, org.springframework.security.web.servletapi.SecurityContextHolderAwareRequestFilter@22955ef2, org.springframework.security.web.authentication.AnonymousAuthenticationFilter@5f18f8a1, org.springframework.security.web.session.SessionManagementFilter@694c23e4, org.springframework.security.web.access.ExceptionTranslationFilter@4b96b0bd, org.springframework.security.web.access.intercept.AuthorizationFilter@3e6be3c1]
2025-01-07T15:23:51.760-04:00  INFO 21840 --- [proyecto] [           main] c.p.proyecto.ProyectoApplicationTests    : Started ProyectoApplicationTests in 9.502 seconds (process running for 10.933)
_____corre_________
]]></system-out>
    <system-err><![CDATA[WARNING: A Java agent has been loaded dynamically (C:\Users\ADRI\.m2\repository\net\bytebuddy\byte-buddy-agent\1.14.12\byte-buddy-agent-1.14.12.jar)
WARNING: If a serviceability tool is in use, please run with -XX:+EnableDynamicAgentLoading to hide this warning
WARNING: If a serviceability tool is not in use, please run with -Djdk.instrument.traceUsage for more information
WARNING: Dynamic loading of agents will be disallowed by default in a future release
]]></system-err>
  </testcase>
</testsuite>